
> temp-app@0.1.0 build
> prisma generate && next build

Environment variables loaded from .env
Prisma schema loaded from prisma\schema.prisma

Γ£ö Generated Prisma Client (v5.22.0) to .\node_modules\@prisma\client in 55ms

Start by importing your Prisma Client (See: https://pris.ly/d/importing-client)

Tip: Need your database queries to be 1000x faster? Accelerate offers you that and more: https://pris.ly/tip-2-accelerate

node.exe : ΓÜá Warning: 
Next.js inferred your 
workspace root, but it may 
not be correct.
At C:\Users\vedan\AppData\R
oaming\npm\npm.ps1:24 
char:5
+     & "node$exe"  "$based
ir/node_modules/npm/bin/npm
-cli.js" $args
+     ~~~~~~~~~~~~~~~~~~~~~
~~~~~~~~~~~~~~~~~~~~~~~~~~~
~~~~~~~~~~~~~~
    + CategoryInfo         
     : NotSpecified: (ΓÜá  
   Warning: Ne...not be    
 correct.:String) [], R    
emoteException
    + FullyQualifiedErrorI 
   d : NativeCommandError
 
 We detected multiple 
lockfiles and selected the 
directory of C:\Users\vedan
\package-lock.json as the 
root directory.
 To silence this warning, 
set `turbopack.root` in 
your Next.js config, or 
consider removing one of 
the lockfiles if it's not 
needed.
   See https://nextjs.org/d
ocs/app/api-reference/confi
g/next-config-js/turbopack#
root-directory for more 
information.
 Detected additional 
lockfiles: 
   * C:\Users\vedan\OneDriv
e\Documents\Desktop\ADHDApp
\package-lock.json

Γû▓ Next.js 16.2.2 (Turbopack)
- Environments: .env

  Creating an optimized production build ...

> Build error occurred
Error: Turbopack build 
failed with 2 errors:
./OneDrive/Documents/Deskto
p/ADHDApp/src/app/api/auth/
login/route.ts:4:1
Module not found: Can't 
resolve 'bcryptjs'
  [90m2 |[0m 
[36mimport[0m { prisma } 
[36mfrom[0m 
[32m"@/lib/prisma"[0m;
  [90m3 |[0m 
[36mimport[0m { 
createSession } 
[36mfrom[0m 
[32m"@/lib/auth"[0m;
[31m[1m>[0m [90m4 
|[0m [36mimport[0m 
bcryptjs [36mfrom[0m 
[32m"bcryptjs"[0m;
  [90m  |[0m [31m[1m^^^
^^^^^^^^^^^^^^^^^^^^^^^^^^^
^^[0m
  [90m5 |[0m
  [90m6 |[0m 
[36mexport[0m 
[36masync[0m 
[36mfunction[0m 
[33mPOST[0m(req: 
[33mRequest[0m) {
  [90m7 |[0m   
[36mtry[0m {



https://nextjs.org/docs/mes
sages/module-not-found


./OneDrive/Documents/Deskto
p/ADHDApp/src/app/api/auth/
register/route.ts:4:1
Module not found: Can't 
resolve 'bcryptjs'
  [90m2 |[0m 
[36mimport[0m { prisma } 
[36mfrom[0m 
[32m"@/lib/prisma"[0m;
  [90m3 |[0m 
[36mimport[0m { 
createSession } 
[36mfrom[0m 
[32m"@/lib/auth"[0m;
[31m[1m>[0m [90m4 
|[0m [36mimport[0m 
bcryptjs [36mfrom[0m 
[32m"bcryptjs"[0m;
  [90m  |[0m [31m[1m^^^
^^^^^^^^^^^^^^^^^^^^^^^^^^^
^^[0m
  [90m5 |[0m
  [90m6 |[0m 
[36mexport[0m 
[36masync[0m 
[36mfunction[0m 
[33mPOST[0m(req: 
[33mRequest[0m) {
  [90m7 |[0m   
[36mtry[0m {



https://nextjs.org/docs/mes
sages/module-not-found


    at <unknown> (./OneDriv
e/Documents/Desktop/ADHDApp
/src/app/api/auth/login/rou
te.ts:4:1)
    at <unknown> (https://n
extjs.org/docs/messages/mod
ule-not-found)
    at <unknown> (./OneDriv
e/Documents/Desktop/ADHDApp
/src/app/api/auth/register/
route.ts:4:1)
    at <unknown> (https://n
extjs.org/docs/messages/mod
ule-not-found)
